<?xml version="1.0" encoding="UTF-8"?>
<testsuite name="edu.uoc.pac3.RickAndMortyApiClientTest" tests="2" skipped="0" failures="0" errors="0" timestamp="2025-04-23T15:41:08" hostname="TORRE15" time="0.822">
  <properties/>
  <testcase name="fetchCharactersJson" classname="edu.uoc.pac3.RickAndMortyApiClientTest" time="0.644"/>
  <testcase name="getCharacterNamesByPage" classname="edu.uoc.pac3.RickAndMortyApiClientTest" time="0.176"/>
  <system-out><![CDATA[]]></system-out>
  <system-err><![CDATA[]]></system-err>
</testsuite>
