<?xml version="1.0" encoding="UTF-8"?>
<testsuite name="edu.uoc.pac3.AIPlatformTest" tests="2" skipped="0" failures="0" errors="0" timestamp="2025-04-22T11:04:31" hostname="TORRE15" time="0.018">
  <properties/>
  <testcase name="Sanity - Constructor definition" classname="edu.uoc.pac3.AIPlatformTest" time="0.014"/>
  <testcase name="Sanity - Method definition" classname="edu.uoc.pac3.AIPlatformTest" time="0.003"/>
  <system-out><![CDATA[]]></system-out>
  <system-err><![CDATA[]]></system-err>
</testsuite>
