<?xml version="1.0" encoding="UTF-8"?>
<testsuite name="edu.uoc.pac3.AIPlatformTest" tests="2" skipped="0" failures="0" errors="0" timestamp="2025-04-23T11:41:05" hostname="TORRE15" time="0.002">
  <properties/>
  <testcase name="Sanity - Constructor definition" classname="edu.uoc.pac3.AIPlatformTest" time="0.001"/>
  <testcase name="Sanity - Method definition" classname="edu.uoc.pac3.AIPlatformTest" time="0.001"/>
  <system-out><![CDATA[]]></system-out>
  <system-err><![CDATA[]]></system-err>
</testsuite>
